Build started 9/6/2019 2:00:20 PM.
     1>Project "C:\Users\lenovo\Desktop\gfhn\gfhn\gfhn.vcxproj" on node 2 (build target(s)).
     1>C:\Windows\Microsoft.NET\Framework\v4.0.30319\Microsoft.Common.Targets(983,5): warning MSB3644: The reference assemblies for framework ".NETFramework,Version=v4.0" were not found. To resolve this, install the SDK or Targeting Pack for this framework version or retarget your application to a version of the framework for which you have the SDK or Targeting Pack installed. Note that assemblies will be resolved from the Global Assembly Cache (GAC) and will be used in place of reference assemblies. Therefore your assembly may not be correctly targeted for the framework you intend.
     1>InitializeBuildStatus:
         Touching "Debug\gfhn.unsuccessfulbuild".
       ClCompile:
         c:\Program Files (x86)\Microsoft Visual Studio 10.0\VC\bin\CL.exe /c /ZI /nologo /W3 /WX- /Od /Oy- /D WIN32 /D _DEBUG /D _CONSOLE /D _UNICODE /D UNICODE /Gm /EHsc /RTC1 /MDd /GS /fp:precise /Zc:wchar_t /Zc:forScope /Fo"Debug\\" /Fd"Debug\vc100.pdb" /Gd /TP /analyze- /errorReport:prompt srtyh.cpp
         srtyh.cpp
     1>c:\users\lenovo\desktop\gfhn\gfhn\srtyh.cpp(24): error C2872: 'identity' : ambiguous symbol
                 could be 'c:\users\lenovo\desktop\gfhn\gfhn\srtyh.cpp(4) : identity'
                 or       'c:\program files (x86)\microsoft visual studio 10.0\vc\include\utility(66) : std::identity'
     1>c:\users\lenovo\desktop\gfhn\gfhn\srtyh.cpp(31): error C2872: 'identity' : ambiguous symbol
                 could be 'c:\users\lenovo\desktop\gfhn\gfhn\srtyh.cpp(4) : identity'
                 or       'c:\program files (x86)\microsoft visual studio 10.0\vc\include\utility(66) : std::identity'
     1>c:\users\lenovo\desktop\gfhn\gfhn\srtyh.cpp(38): error C2872: 'identity' : ambiguous symbol
                 could be 'c:\users\lenovo\desktop\gfhn\gfhn\srtyh.cpp(4) : identity'
                 or       'c:\program files (x86)\microsoft visual studio 10.0\vc\include\utility(66) : std::identity'
     1>c:\users\lenovo\desktop\gfhn\gfhn\srtyh.cpp(45): error C2872: 'identity' : ambiguous symbol
                 could be 'c:\users\lenovo\desktop\gfhn\gfhn\srtyh.cpp(4) : identity'
                 or       'c:\program files (x86)\microsoft visual studio 10.0\vc\include\utility(66) : std::identity'
     1>c:\users\lenovo\desktop\gfhn\gfhn\srtyh.cpp(51): error C2872: 'identity' : ambiguous symbol
                 could be 'c:\users\lenovo\desktop\gfhn\gfhn\srtyh.cpp(4) : identity'
                 or       'c:\program files (x86)\microsoft visual studio 10.0\vc\include\utility(66) : std::identity'
     1>Done Building Project "C:\Users\lenovo\Desktop\gfhn\gfhn\gfhn.vcxproj" (build target(s)) -- FAILED.

Build FAILED.

Time Elapsed 00:00:00.39
